<?xml version="1.0" encoding="UTF-8"?>
<!-- Generated by org.testng.reporters.JUnitReportReporter -->
<testsuite hostname="Manu786" failures="0" tests="1" name="com.luma.loginpagetests.CreateNewCustomerAccountTest" time="94.448" errors="0" timestamp="2025-01-15T02:38:24 EST" skipped="0">
  <testcase classname="com.luma.loginpagetests.CreateNewCustomerAccountTest" name="verifySuccessfulCreationOfNewCustomerAccountTest" time="94.448"/>
  <system-out/>
</testsuite> <!-- com.luma.loginpagetests.CreateNewCustomerAccountTest -->
