<?xml version="1.0" encoding="UTF-8"?>
<!-- Generated by org.testng.reporters.JUnitReportReporter -->
<testsuite hostname="Manu786" failures="0" tests="1" name="com.luma.loginpagetests.CreateNewCxAccTest" time="6.167" errors="0" timestamp="2025-01-05T16:39:52 EST" skipped="0">
  <testcase classname="com.luma.loginpagetests.CreateNewCxAccTest" name="VerifyCreateNewCxAccTest" time="6.167"/>
  <system-out/>
</testsuite> <!-- com.luma.loginpagetests.CreateNewCxAccTest -->
