<?xml version="1.0" encoding="UTF-8"?>
<!-- Generated by org.testng.reporters.JUnitReportReporter -->
<testsuite hostname="Manu786" failures="0" tests="1" name="com.luma.womenpagetests.SortByFunctionalityTest" time="20.177" errors="0" timestamp="2025-01-11T17:30:14 EST" skipped="0">
  <testcase classname="com.luma.womenpagetests.SortByFunctionalityTest" name="verifySortByFunctionality" time="20.177"/>
  <system-out/>
</testsuite> <!-- com.luma.womenpagetests.SortByFunctionalityTest -->
