<?xml version="1.0" encoding="UTF-8"?>
<!-- Generated by org.testng.reporters.JUnitReportReporter -->
<testsuite hostname="Manu786" failures="0" tests="1" name="com.luma.pagetests.CreateNewCustomerAccountTest" time="108.487" errors="0" timestamp="2025-01-16T23:58:40 EST" skipped="0">
  <testcase classname="com.luma.pagetests.CreateNewCustomerAccountTest" name="verifyCreationOfNewCustomerAccount" time="108.487"/>
  <system-out/>
</testsuite> <!-- com.luma.pagetests.CreateNewCustomerAccountTest -->
