<?xml version="1.0" encoding="UTF-8"?>
<!-- Generated by org.testng.reporters.JUnitReportReporter -->
<testsuite hostname="Manu786" failures="0" tests="1" name="com.luma.pagetests.CreateNewCustomerAccountTest" time="64.236" errors="0" timestamp="2025-01-15T19:21:04 EST" skipped="0">
  <testcase classname="com.luma.pagetests.CreateNewCustomerAccountTest" name="verifySuccessfulCreationOfNewCustomerAccountTest" time="64.236"/>
  <system-out/>
</testsuite> <!-- com.luma.pagetests.CreateNewCustomerAccountTest -->
