<?xml version="1.0" encoding="UTF-8"?>
<!-- Generated by org.testng.reporters.JUnitReportReporter -->
<testsuite hostname="Manu786" failures="0" tests="1" name="com.luma.womenpagetests.HoodiesSweatershirtTopsWomenPageSortByFunctionalityTest" time="49.269" errors="0" timestamp="2025-01-15T02:38:24 EST" skipped="0">
  <testcase classname="com.luma.womenpagetests.HoodiesSweatershirtTopsWomenPageSortByFunctionalityTest" name="verifySortByFunctionality" time="49.269"/>
  <system-out/>
</testsuite> <!-- com.luma.womenpagetests.HoodiesSweatershirtTopsWomenPageSortByFunctionalityTest -->
