<?xml version="1.0" encoding="UTF-8"?>
<!-- Generated by org.testng.reporters.JUnitReportReporter -->
<testsuite hostname="Manu786" failures="0" tests="1" name="com.luma.pagetests.TopsWomenPageSortByTest" time="142.824" errors="0" timestamp="2025-01-17T00:02:08 EST" skipped="0">
  <testcase classname="com.luma.pagetests.TopsWomenPageSortByTest" name="verifySortBySortsItemsCorrectly" time="142.824"/>
  <system-out/>
</testsuite> <!-- com.luma.pagetests.TopsWomenPageSortByTest -->
