<?xml version="1.0" encoding="UTF-8"?>
<!-- Generated by org.testng.reporters.JUnitReportReporter -->
<testsuite hostname="Manu786" failures="0" tests="1" name="com.luma.loginpagetests.CreateNewCxAccTest" time="49.051" errors="0" timestamp="2025-01-05T21:48:00 EST" skipped="0">
  <testcase classname="com.luma.loginpagetests.CreateNewCxAccTest" name="VerifyCreateNewCxAccTest" time="49.051"/>
  <system-out/>
</testsuite> <!-- com.luma.loginpagetests.CreateNewCxAccTest -->
