<?xml version="1.0" encoding="UTF-8"?>
<!-- Generated by org.testng.reporters.JUnitReportReporter -->
<testsuite hostname="Manu786" failures="0" tests="1" name="com.luma.pagetests.JacketsTopsWomenPageShoppingCartFunctionalityTest" time="26.903" errors="0" timestamp="2025-01-15T19:21:04 EST" skipped="0">
  <testcase classname="com.luma.pagetests.JacketsTopsWomenPageShoppingCartFunctionalityTest" name="verifyItemsAreSuccessfullyAddedDisplayedAndCheckoutInShoppingCart" time="26.903"/>
  <system-out/>
</testsuite> <!-- com.luma.pagetests.JacketsTopsWomenPageShoppingCartFunctionalityTest -->
